#
# There is insufficient memory for the Java Runtime Environment to continue.
# Native memory allocation (mmap) failed to map 43515904 bytes for committing reserved memory.
# Possible reasons:
#   The system is out of physical RAM or swap space
#   The process is running with CompressedOops enabled, and the Java Heap may be blocking the growth of the native heap
# Possible solutions:
#   Reduce memory load on the system
#   Increase physical memory or swap space
#   Check if swap backing store is full
#   Decrease Java heap size (-Xmx/-Xms)
#   Decrease number of Java threads
#   Decrease Java thread stack sizes (-Xss)
#   Set larger code cache with -XX:ReservedCodeCacheSize=
# This output file may be truncated or incomplete.
#
#  Out of Memory Error (os_linux.cpp:2757), pid=16438, tid=0x00007fadaf2ef700
#
# JRE version:  (8.0_222-b10) (build )
# Java VM: OpenJDK 64-Bit Server VM (25.222-b10 mixed mode linux-amd64 compressed oops)
# Failed to write core dump. Core dumps have been disabled. To enable core dumping, try "ulimit -c unlimited" before starting Java again
#

---------------  T H R E A D  ---------------

Current thread (0x00007fada800b800):  JavaThread "Unknown thread" [_thread_in_vm, id=16444, stack(0x00007fadaf1f0000,0x00007fadaf2f0000)]

Stack: [0x00007fadaf1f0000,0x00007fadaf2f0000],  sp=0x00007fadaf2ee5d0,  free space=1017k
Native frames: (J=compiled Java code, j=interpreted, Vv=VM code, C=native code)
V  [libjvm.so+0xab8992]
V  [libjvm.so+0x4dbfd7]
V  [libjvm.so+0x8f33a0]
V  [libjvm.so+0x8ea46e]
V  [libjvm.so+0x96e106]
V  [libjvm.so+0x95e46c]
V  [libjvm.so+0x2b40ae]
V  [libjvm.so+0x91aff1]
V  [libjvm.so+0xa7ad9a]
V  [libjvm.so+0xa7b095]
V  [libjvm.so+0x62903f]
V  [libjvm.so+0xa5ea63]
V  [libjvm.so+0x6ac371]  JNI_CreateJavaVM+0x61
C  [libjli.so+0x2c64]
C  [libjli.so+0x773d]
C  [libpthread.so.0+0x76db]  start_thread+0xdb


---------------  P R O C E S S  ---------------

Java Threads: ( => current thread )

Other Threads:

=>0x00007fada800b800 (exited) JavaThread "Unknown thread" [_thread_in_vm, id=16444, stack(0x00007fadaf1f0000,0x00007fadaf2f0000)]

VM state:not at safepoint (not fully initialized)

VM Mutex/Monitor currently owned by a thread: None

heap address: 0x00000000c2400000, size: 988 MB, Compressed Oops mode: Non-zero based:0x00000000c23ff000
Narrow klass base: 0x0000000000000000, Narrow klass shift: 0

GC Heap History (0 events):
No events

Deoptimization events (0 events):
No events

Classes redefined (0 events):
No events

Internal exceptions (0 events):
No events

Events (0 events):
No events


Dynamic libraries:
c4d80000-eb700000 ---p 00000000 00:00 0 
eb700000-ecb80000 rw-p 00000000 00:00 0 
ecb80000-100000000 ---p 00000000 00:00 0 
55d5ba786000-55d5ba787000 r-xp 00000000 fc:01 3110439                    /usr/lib/jvm/java-8-openjdk-amd64/jre/bin/java
55d5ba986000-55d5ba987000 r--p 00000000 fc:01 3110439                    /usr/lib/jvm/java-8-openjdk-amd64/jre/bin/java
55d5ba987000-55d5ba988000 rw-p 00001000 fc:01 3110439                    /usr/lib/jvm/java-8-openjdk-amd64/jre/bin/java
55d5baa0f000-55d5baa30000 rw-p 00000000 00:00 0                          [heap]
7fad9841c000-7fad98565000 ---p 00000000 00:00 0 
7fad98565000-7fad98570000 rw-p 00000000 00:00 0 
7fad98570000-7fad9860a000 ---p 00000000 00:00 0 
7fad9860a000-7fad98615000 rw-p 00000000 00:00 0 
7fad98615000-7fad989cb000 ---p 00000000 00:00 0 
7fad989cb000-7fad98c3b000 rwxp 00000000 00:00 0 
7fad98c3b000-7fada79cb000 ---p 00000000 00:00 0 
7fada79cb000-7fada79d3000 r-xp 00000000 fc:01 3110487                    /usr/lib/jvm/java-8-openjdk-amd64/jre/lib/amd64/libzip.so
7fada79d3000-7fada7bd2000 ---p 00008000 fc:01 3110487                    /usr/lib/jvm/java-8-openjdk-amd64/jre/lib/amd64/libzip.so
7fada7bd2000-7fada7bd3000 r--p 00007000 fc:01 3110487                    /usr/lib/jvm/java-8-openjdk-amd64/jre/lib/amd64/libzip.so
7fada7bd3000-7fada7bd4000 rw-p 00008000 fc:01 3110487                    /usr/lib/jvm/java-8-openjdk-amd64/jre/lib/amd64/libzip.so
7fada7bd4000-7fada7bdf000 r-xp 00000000 fc:01 2095                       /lib/x86_64-linux-gnu/libnss_files-2.27.so
7fada7bdf000-7fada7dde000 ---p 0000b000 fc:01 2095                       /lib/x86_64-linux-gnu/libnss_files-2.27.so
7fada7dde000-7fada7ddf000 r--p 0000a000 fc:01 2095                       /lib/x86_64-linux-gnu/libnss_files-2.27.so
7fada7ddf000-7fada7de0000 rw-p 0000b000 fc:01 2095                       /lib/x86_64-linux-gnu/libnss_files-2.27.so
7fada7de0000-7fada7de6000 rw-p 00000000 00:00 0 
7fada7de6000-7fada7dfd000 r-xp 00000000 fc:01 2092                       /lib/x86_64-linux-gnu/libnsl-2.27.so
7fada7dfd000-7fada7ffc000 ---p 00017000 fc:01 2092                       /lib/x86_64-linux-gnu/libnsl-2.27.so
7fada7ffc000-7fada7ffd000 r--p 00016000 fc:01 2092                       /lib/x86_64-linux-gnu/libnsl-2.27.so
7fada7ffd000-7fada7ffe000 rw-p 00017000 fc:01 2092                       /lib/x86_64-linux-gnu/libnsl-2.27.so
7fada7ffe000-7fada8000000 rw-p 00000000 00:00 0 
7fada8000000-7fada8033000 rw-p 00000000 00:00 0 
7fada8033000-7fadac000000 ---p 00000000 00:00 0 
7fadac17a000-7fadac185000 r-xp 00000000 fc:01 2097                       /lib/x86_64-linux-gnu/libnss_nis-2.27.so
7fadac185000-7fadac384000 ---p 0000b000 fc:01 2097                       /lib/x86_64-linux-gnu/libnss_nis-2.27.so
7fadac384000-7fadac385000 r--p 0000a000 fc:01 2097                       /lib/x86_64-linux-gnu/libnss_nis-2.27.so
7fadac385000-7fadac386000 rw-p 0000b000 fc:01 2097                       /lib/x86_64-linux-gnu/libnss_nis-2.27.so
7fadac386000-7fadac38e000 r-xp 00000000 fc:01 2093                       /lib/x86_64-linux-gnu/libnss_compat-2.27.so
7fadac38e000-7fadac58e000 ---p 00008000 fc:01 2093                       /lib/x86_64-linux-gnu/libnss_compat-2.27.so
7fadac58e000-7fadac58f000 r--p 00008000 fc:01 2093                       /lib/x86_64-linux-gnu/libnss_compat-2.27.so
7fadac58f000-7fadac590000 rw-p 00009000 fc:01 2093                       /lib/x86_64-linux-gnu/libnss_compat-2.27.so
7fadac590000-7fadac5ba000 r-xp 00000000 fc:01 3110468                    /usr/lib/jvm/java-8-openjdk-amd64/jre/lib/amd64/libjava.so
7fadac5ba000-7fadac7b9000 ---p 0002a000 fc:01 3110468                    /usr/lib/jvm/java-8-openjdk-amd64/jre/lib/amd64/libjava.so
7fadac7b9000-7fadac7ba000 r--p 00029000 fc:01 3110468                    /usr/lib/jvm/java-8-openjdk-amd64/jre/lib/amd64/libjava.so
7fadac7ba000-7fadac7bc000 rw-p 0002a000 fc:01 3110468                    /usr/lib/jvm/java-8-openjdk-amd64/jre/lib/amd64/libjava.so
7fadac7bc000-7fadac7cc000 r-xp 00000000 fc:01 3110486                    /usr/lib/jvm/java-8-openjdk-amd64/jre/lib/amd64/libverify.so
7fadac7cc000-7fadac9cb000 ---p 00010000 fc:01 3110486                    /usr/lib/jvm/java-8-openjdk-amd64/jre/lib/amd64/libverify.so
7fadac9cb000-7fadac9cd000 r--p 0000f000 fc:01 3110486                    /usr/lib/jvm/java-8-openjdk-amd64/jre/lib/amd64/libverify.so
7fadac9cd000-7fadac9ce000 rw-p 00011000 fc:01 3110486                    /usr/lib/jvm/java-8-openjdk-amd64/jre/lib/amd64/libverify.so
7fadac9ce000-7fadac9d5000 r-xp 00000000 fc:01 2181                       /lib/x86_64-linux-gnu/librt-2.27.so
7fadac9d5000-7fadacbd4000 ---p 00007000 fc:01 2181                       /lib/x86_64-linux-gnu/librt-2.27.so
7fadacbd4000-7fadacbd5000 r--p 00006000 fc:01 2181                       /lib/x86_64-linux-gnu/librt-2.27.so
7fadacbd5000-7fadacbd6000 rw-p 00007000 fc:01 2181                       /lib/x86_64-linux-gnu/librt-2.27.so
7fadacbd6000-7fadacbed000 r-xp 00000000 fc:01 2098                       /lib/x86_64-linux-gnu/libgcc_s.so.1
7fadacbed000-7fadacdec000 ---p 00017000 fc:01 2098                       /lib/x86_64-linux-gnu/libgcc_s.so.1
7fadacdec000-7fadacded000 r--p 00016000 fc:01 2098                       /lib/x86_64-linux-gnu/libgcc_s.so.1
7fadacded000-7fadacdee000 rw-p 00017000 fc:01 2098                       /lib/x86_64-linux-gnu/libgcc_s.so.1
7fadacdee000-7fadacf8b000 r-xp 00000000 fc:01 2089                       /lib/x86_64-linux-gnu/libm-2.27.so
7fadacf8b000-7fadad18a000 ---p 0019d000 fc:01 2089                       /lib/x86_64-linux-gnu/libm-2.27.so
7fadad18a000-7fadad18b000 r--p 0019c000 fc:01 2089                       /lib/x86_64-linux-gnu/libm-2.27.so
7fadad18b000-7fadad18c000 rw-p 0019d000 fc:01 2089                       /lib/x86_64-linux-gnu/libm-2.27.so
7fadad18c000-7fadad305000 r-xp 00000000 fc:01 5026                       /usr/lib/x86_64-linux-gnu/libstdc++.so.6.0.25
7fadad305000-7fadad505000 ---p 00179000 fc:01 5026                       /usr/lib/x86_64-linux-gnu/libstdc++.so.6.0.25
7fadad505000-7fadad50f000 r--p 00179000 fc:01 5026                       /usr/lib/x86_64-linux-gnu/libstdc++.so.6.0.25
7fadad50f000-7fadad511000 rw-p 00183000 fc:01 5026                       /usr/lib/x86_64-linux-gnu/libstdc++.so.6.0.25
7fadad511000-7fadad515000 rw-p 00000000 00:00 0 
7fadad515000-7fadae1b4000 r-xp 00000000 fc:01 3110489                    /usr/lib/jvm/java-8-openjdk-amd64/jre/lib/amd64/server/libjvm.so
7fadae1b4000-7fadae3b4000 ---p 00c9f000 fc:01 3110489                    /usr/lib/jvm/java-8-openjdk-amd64/jre/lib/amd64/server/libjvm.so
7fadae3b4000-7fadae448000 r--p 00c9f000 fc:01 3110489                    /usr/lib/jvm/java-8-openjdk-amd64/jre/lib/amd64/server/libjvm.so
7fadae448000-7fadae471000 rw-p 00d33000 fc:01 3110489                    /usr/lib/jvm/java-8-openjdk-amd64/jre/lib/amd64/server/libjvm.so
7fadae471000-7fadae4a1000 rw-p 00000000 00:00 0 
7fadae4a1000-7fadae4bb000 r-xp 00000000 fc:01 2179                       /lib/x86_64-linux-gnu/libpthread-2.27.so
7fadae4bb000-7fadae6ba000 ---p 0001a000 fc:01 2179                       /lib/x86_64-linux-gnu/libpthread-2.27.so
7fadae6ba000-7fadae6bb000 r--p 00019000 fc:01 2179                       /lib/x86_64-linux-gnu/libpthread-2.27.so
7fadae6bb000-7fadae6bc000 rw-p 0001a000 fc:01 2179                       /lib/x86_64-linux-gnu/libpthread-2.27.so
7fadae6bc000-7fadae6c0000 rw-p 00000000 00:00 0 
7fadae6c0000-7fadae6c3000 r-xp 00000000 fc:01 2088                       /lib/x86_64-linux-gnu/libdl-2.27.so
7fadae6c3000-7fadae8c2000 ---p 00003000 fc:01 2088                       /lib/x86_64-linux-gnu/libdl-2.27.so
7fadae8c2000-7fadae8c3000 r--p 00002000 fc:01 2088                       /lib/x86_64-linux-gnu/libdl-2.27.so
7fadae8c3000-7fadae8c4000 rw-p 00003000 fc:01 2088                       /lib/x86_64-linux-gnu/libdl-2.27.so
7fadae8c4000-7fadae8e0000 r-xp 00000000 fc:01 2184                       /lib/x86_64-linux-gnu/libz.so.1.2.11
7fadae8e0000-7fadaeadf000 ---p 0001c000 fc:01 2184                       /lib/x86_64-linux-gnu/libz.so.1.2.11
7fadaeadf000-7fadaeae0000 r--p 0001b000 fc:01 2184                       /lib/x86_64-linux-gnu/libz.so.1.2.11
7fadaeae0000-7fadaeae1000 rw-p 0001c000 fc:01 2184                       /lib/x86_64-linux-gnu/libz.so.1.2.11
7fadaeae1000-7fadaecc8000 r-xp 00000000 fc:01 2085                       /lib/x86_64-linux-gnu/libc-2.27.so
7fadaecc8000-7fadaeec8000 ---p 001e7000 fc:01 2085                       /lib/x86_64-linux-gnu/libc-2.27.so
7fadaeec8000-7fadaeecc000 r--p 001e7000 fc:01 2085                       /lib/x86_64-linux-gnu/libc-2.27.so
7fadaeecc000-7fadaeece000 rw-p 001eb000 fc:01 2085                       /lib/x86_64-linux-gnu/libc-2.27.so
7fadaeece000-7fadaeed2000 rw-p 00000000 00:00 0 
7fadaeed2000-7fadaeee0000 r-xp 00000000 fc:01 3110449                    /usr/lib/jvm/java-8-openjdk-amd64/jre/lib/amd64/jli/libjli.so
7fadaeee0000-7fadaf0df000 ---p 0000e000 fc:01 3110449                    /usr/lib/jvm/java-8-openjdk-amd64/jre/lib/amd64/jli/libjli.so
7fadaf0df000-7fadaf0e0000 r--p 0000d000 fc:01 3110449                    /usr/lib/jvm/java-8-openjdk-amd64/jre/lib/amd64/jli/libjli.so
7fadaf0e0000-7fadaf0e1000 rw-p 0000e000 fc:01 3110449                    /usr/lib/jvm/java-8-openjdk-amd64/jre/lib/amd64/jli/libjli.so
7fadaf0e1000-7fadaf108000 r-xp 00000000 fc:01 2081                       /lib/x86_64-linux-gnu/ld-2.27.so
7fadaf1ef000-7fadaf1f0000 ---p 00000000 00:00 0 
7fadaf1f0000-7fadaf1f3000 ---p 00000000 00:00 0 
7fadaf1f3000-7fadaf2f2000 rw-p 00000000 00:00 0 
7fadaf2fc000-7fadaf304000 rw-s 00000000 fc:01 4656848                    /tmp/hsperfdata_root/16438
7fadaf304000-7fadaf305000 rw-p 00000000 00:00 0 
7fadaf305000-7fadaf306000 r--p 00000000 00:00 0 
7fadaf306000-7fadaf308000 rw-p 00000000 00:00 0 
7fadaf308000-7fadaf309000 r--p 00027000 fc:01 2081                       /lib/x86_64-linux-gnu/ld-2.27.so
7fadaf309000-7fadaf30a000 rw-p 00028000 fc:01 2081                       /lib/x86_64-linux-gnu/ld-2.27.so
7fadaf30a000-7fadaf30b000 rw-p 00000000 00:00 0 
7ffe19ccb000-7ffe19cec000 rw-p 00000000 00:00 0                          [stack]
7ffe19d44000-7ffe19d47000 r--p 00000000 00:00 0                          [vvar]
7ffe19d47000-7ffe19d49000 r-xp 00000000 00:00 0                          [vdso]
ffffffffff600000-ffffffffff601000 r-xp 00000000 00:00 0                  [vsyscall]

VM Arguments:
jvm_args: -Dmaven.home=EMBEDDED -Dclassworlds.conf=/root/eclipse-workspace/.metadata/.plugins/org.eclipse.m2e.launching/launches/m2conf6531677252148781184.tmp -Dmaven.multiModuleProjectDirectory=/root/eclipse-workspace/orderapp -Dfile.encoding=UTF-8 
java_command: org.codehaus.plexus.classworlds.launcher.Launcher -B jetty:run
java_class_path (initial): /opt/eclipse/plugins/org.eclipse.m2e.maven.runtime_1.12.0.20190529-1915/jars/plexus-classworlds-2.6.0.jar
Launcher Type: SUN_STANDARD

Environment Variables:
PATH=/usr/local/sbin:/usr/local/bin:/usr/sbin:/usr/bin:/sbin:/bin
SHELL=/bin/sh
DISPLAY=:20.0

Signal Handlers:
SIGSEGV: [libjvm.so+0xab92f0], sa_mask[0]=11111111011111111101111111111110, sa_flags=SA_RESTART|SA_SIGINFO
SIGBUS: [libjvm.so+0xab92f0], sa_mask[0]=11111111011111111101111111111110, sa_flags=SA_RESTART|SA_SIGINFO
SIGFPE: [libjvm.so+0x8ee560], sa_mask[0]=11111111011111111101111111111110, sa_flags=SA_RESTART|SA_SIGINFO
SIGPIPE: [libjvm.so+0x8ee560], sa_mask[0]=11111111011111111101111111111110, sa_flags=SA_RESTART|SA_SIGINFO
SIGXFSZ: [libjvm.so+0x8ee560], sa_mask[0]=11111111011111111101111111111110, sa_flags=SA_RESTART|SA_SIGINFO
SIGILL: [libjvm.so+0x8ee560], sa_mask[0]=11111111011111111101111111111110, sa_flags=SA_RESTART|SA_SIGINFO
SIGUSR1: SIG_DFL, sa_mask[0]=00000000000000000000000000000000, sa_flags=none
SIGUSR2: [libjvm.so+0x8ee410], sa_mask[0]=00100000000000000000000000000000, sa_flags=SA_RESTART|SA_SIGINFO
SIGHUP: SIG_DFL, sa_mask[0]=00000000000000000000000000000000, sa_flags=none
SIGINT: SIG_DFL, sa_mask[0]=00000000000000000000000000000000, sa_flags=none
SIGTERM: SIG_DFL, sa_mask[0]=00000000000000000000000000000000, sa_flags=none
SIGQUIT: SIG_DFL, sa_mask[0]=00000000000000000000000000000000, sa_flags=none


---------------  S Y S T E M  ---------------

OS:DISTRIB_ID=Ubuntu
DISTRIB_RELEASE=18.04
DISTRIB_CODENAME=bionic
DISTRIB_DESCRIPTION="Ubuntu 18.04.2 LTS"

uname:Linux 4.15.0-58-generic #64-Ubuntu SMP Tue Aug 6 11:12:41 UTC 2019 x86_64
libc:glibc 2.27 NPTL 2.27 
rlimit: STACK 8192k, CORE 0k, NPROC 15678, NOFILE 4096, AS infinity
load average:2.25 3.86 3.07

/proc/meminfo:
MemTotal:        4039588 kB
MemFree:           90544 kB
MemAvailable:       1816 kB
Buffers:             952 kB
Cached:           179244 kB
SwapCached:            0 kB
Active:          3576452 kB
Inactive:         164448 kB
Active(anon):    3561852 kB
Inactive(anon):   148892 kB
Active(file):      14600 kB
Inactive(file):    15556 kB
Unevictable:          32 kB
Mlocked:              32 kB
SwapTotal:             0 kB
SwapFree:              0 kB
Dirty:                88 kB
Writeback:             0 kB
AnonPages:       3560904 kB
Mapped:            90044 kB
Shmem:            149872 kB
Slab:              89708 kB
SReclaimable:      29668 kB
SUnreclaim:        60040 kB
KernelStack:       11968 kB
PageTables:        63208 kB
NFS_Unstable:          0 kB
Bounce:                0 kB
WritebackTmp:          0 kB
CommitLimit:     2019792 kB
Committed_AS:    9214768 kB
VmallocTotal:   34359738367 kB
VmallocUsed:           0 kB
VmallocChunk:          0 kB
HardwareCorrupted:     0 kB
AnonHugePages:         0 kB
ShmemHugePages:        0 kB
ShmemPmdMapped:        0 kB
CmaTotal:              0 kB
CmaFree:               0 kB
HugePages_Total:       0
HugePages_Free:        0
HugePages_Rsvd:        0
HugePages_Surp:        0
Hugepagesize:       2048 kB
DirectMap4k:      172012 kB
DirectMap2M:     4022272 kB
DirectMap1G:           0 kB

container (cgroup) information:
container_type: cgroupv1
cpu_cpuset_cpus: 0-1
cpu_memory_nodes: 0
active_processor_count: 2
cpu_quota: -1
cpu_period: 100000
cpu_shares: -1
memory_limit_in_bytes: -1
memory_and_swap_limit_in_bytes: -2
memory_soft_limit_in_bytes: -1
memory_usage_in_bytes: 3591790592
memory_max_usage_in_bytes: 3604168704


CPU:total 2 (initial active 2) (1 cores per cpu, 1 threads per core) family 6 model 45 stepping 7, cmov, cx8, fxsr, mmx, sse, sse2, sse3, ssse3, sse4.1, sse4.2, popcnt, avx, aes, clmul, tsc

/proc/cpuinfo:
processor	: 0
vendor_id	: GenuineIntel
cpu family	: 6
model		: 45
model name	: Intel(R) Xeon(R) CPU E5-2630 0 @ 2.30GHz
stepping	: 7
microcode	: 0x1
cpu MHz		: 2299.998
cache size	: 15360 KB
physical id	: 0
siblings	: 1
core id		: 0
cpu cores	: 1
apicid		: 0
initial apicid	: 0
fpu		: yes
fpu_exception	: yes
cpuid level	: 13
wp		: yes
flags		: fpu vme de pse tsc msr pae mce cx8 apic sep mtrr pge mca cmov pat pse36 clflush mmx fxsr sse sse2 ss syscall nx pdpe1gb rdtscp lm constant_tsc arch_perfmon rep_good nopl cpuid tsc_known_freq pni pclmulqdq vmx ssse3 cx16 pcid sse4_1 sse4_2 x2apic popcnt tsc_deadline_timer aes xsave avx hypervisor lahf_lm pti ssbd ibrs ibpb tpr_shadow vnmi flexpriority ept vpid tsc_adjust xsaveopt md_clear
bugs		: cpu_meltdown spectre_v1 spectre_v2 spec_store_bypass l1tf mds swapgs
bogomips	: 4599.99
clflush size	: 64
cache_alignment	: 64
address sizes	: 40 bits physical, 48 bits virtual
power management:

processor	: 1
vendor_id	: GenuineIntel
cpu family	: 6
model		: 45
model name	: Intel(R) Xeon(R) CPU E5-2630 0 @ 2.30GHz
stepping	: 7
microcode	: 0x1
cpu MHz		: 2299.998
cache size	: 15360 KB
physical id	: 1
siblings	: 1
core id		: 0
cpu cores	: 1
apicid		: 1
initial apicid	: 1
fpu		: yes
fpu_exception	: yes
cpuid level	: 13
wp		: yes
flags		: fpu vme de pse tsc msr pae mce cx8 apic sep mtrr pge mca cmov pat pse36 clflush mmx fxsr sse sse2 ss syscall nx pdpe1gb rdtscp lm constant_tsc arch_perfmon rep_good nopl cpuid tsc_known_freq pni pclmulqdq vmx ssse3 cx16 pcid sse4_1 sse4_2 x2apic popcnt tsc_deadline_timer aes xsave avx hypervisor lahf_lm pti ssbd ibrs ibpb tpr_shadow vnmi flexpriority ept vpid tsc_adjust xsaveopt md_clear
bugs		: cpu_meltdown spectre_v1 spectre_v2 spec_store_bypass l1tf mds swapgs
bogomips	: 4599.99
clflush size	: 64
cache_alignment	: 64
address sizes	: 40 bits physical, 48 bits virtual
power management:



Memory: 4k page, physical 4039588k(92056k free), swap 0k(0k free)

vm_info: OpenJDK 64-Bit Server VM (25.222-b10) for linux-amd64 JRE (1.8.0_222-8u222-b10-1ubuntu1~18.04.1-b10), built on Jul 18 2019 18:52:48 by "buildd" with gcc 7.4.0

time: Tue Aug 20 08:54:24 2019
timezone: UTC
elapsed time: 0 seconds (0d 0h 0m 0s)

